2025-10-14 19:45:40,133 - data_ingestion - DEBUG - Downloading auto_mpg.zip from bucket auto-mpg
2025-10-14 19:45:41,817 - data_ingestion - ERROR - Error during download: An error occurred (404) when calling the HeadObject operation: Not Found
2025-10-14 19:46:57,315 - data_ingestion - DEBUG - Downloading auto_mpg.zip from bucket model-datasets
2025-10-14 19:47:00,780 - data_ingestion - ERROR - Error during download: An error occurred (404) when calling the HeadObject operation: Not Found
2025-10-14 19:51:38,776 - data_ingestion - DEBUG - Downloading auto_mpg.zip from bucket model-datasets
2025-10-14 19:51:43,419 - data_ingestion - ERROR - Error during download: An error occurred (404) when calling the HeadObject operation: Not Found
2025-10-14 19:53:30,722 - data_ingestion - DEBUG - Downloading auto_mpg.zip from bucket model-datasets
2025-10-14 19:53:32,165 - data_ingestion - ERROR - Error during download: An error occurred (404) when calling the HeadObject operation: Not Found
2025-10-14 19:54:19,026 - data_ingestion - DEBUG - Downloading auto_mpg.zip from bucket model-datasets
2025-10-14 19:54:23,212 - data_ingestion - DEBUG - Download completed and saved on location auto_mpg.zip
2025-10-14 19:56:45,772 - data_ingestion - DEBUG - Downloading auto_mpg.zip from bucket model-datasets
2025-10-14 19:56:48,497 - data_ingestion - DEBUG - Download completed and saved on location data\auto_mpg.zip
2025-10-14 20:10:44,177 - data_ingestion - DEBUG - Downloading auto_mpg.zip from bucket model-datasets
2025-10-14 20:10:47,047 - data_ingestion - DEBUG - Download completed and saved on location data\auto_mpg.zip
2025-10-14 20:10:47,055 - data_ingestion - DEBUG - Starting Extracting files from data\auto_mpg.zip
2025-10-14 20:10:47,066 - data_ingestion - INFO - Extraction complete! Files extracted to data
2025-10-14 20:11:03,796 - data_ingestion - DEBUG - Downloading auto_mpg.zip from bucket model-datasets
2025-10-14 20:11:06,516 - data_ingestion - DEBUG - Download completed and saved on location data\auto_mpg.zip
2025-10-14 20:11:06,516 - data_ingestion - DEBUG - Starting Extracting files from data\auto_mpg.zip
2025-10-14 20:11:06,544 - data_ingestion - INFO - Extraction complete! Files extracted to data
2025-10-14 20:11:47,815 - data_ingestion - DEBUG - Downloading auto_mpg.zip from bucket model-datasets
2025-10-14 20:11:50,843 - data_ingestion - DEBUG - Download completed and saved on location data\auto_mpg.zip
2025-10-14 20:11:50,848 - data_ingestion - DEBUG - Starting Extracting files from data\auto_mpg.zip
2025-10-14 20:11:50,869 - data_ingestion - INFO - Extraction complete! Files extracted to data
2025-10-16 12:31:12,836 - data_ingestion - DEBUG - Downloading auto_mpg.zip from bucket model-datasets
2025-10-16 12:31:15,645 - data_ingestion - DEBUG - Download completed and saved at data/raw\auto_mpg.zip
2025-10-16 12:31:15,645 - data_ingestion - DEBUG - Starting extraction from data/raw\auto_mpg.zip
2025-10-16 12:31:15,667 - data_ingestion - DEBUG - Extraction complete. Files are in data/raw\extracted
2025-10-16 12:31:15,668 - data_ingestion - DEBUG - Removed the original zip file data/raw\auto_mpg.zip
2025-10-16 13:15:20,144 - data_ingestion - DEBUG - Downloading auto_mpg.zip from bucket model-datasets
2025-10-16 13:15:21,753 - data_ingestion - DEBUG - Download completed and saved at data/raw\auto_mpg.zip
2025-10-16 13:15:21,753 - data_ingestion - DEBUG - Starting extraction from data/raw\auto_mpg.zip
2025-10-16 13:15:21,771 - data_ingestion - DEBUG - Extraction complete. Files are in data/raw\extracted
2025-10-16 13:15:21,771 - data_ingestion - DEBUG - Removed the original zip file data/raw\auto_mpg.zip
2025-10-19 11:27:18,468 - data_ingestion - DEBUG - Downloading auto_mpg.zip from bucket model-datasets
2025-10-19 11:27:20,524 - data_ingestion - ERROR - Error during download: [WinError 5] Access is denied: 'C:\\Users\\Awais\\AppData\\Local\\Temp\\pytest-of-Awais\\pytest-0\\test_download_file0\\data\\raw'
2025-10-19 11:30:03,170 - data_ingestion - DEBUG - Downloading auto_mpg.zip from bucket model-datasets
2025-10-19 11:30:05,124 - data_ingestion - DEBUG - Download completed and saved at data/raw\auto_mpg.zip
2025-10-19 11:39:03,931 - data_ingestion - DEBUG - Downloading auto_mpg.zip from bucket model-datasets
2025-10-19 11:39:06,410 - data_ingestion - DEBUG - Download completed and saved at data/raw\auto_mpg.zip
2025-10-19 11:39:39,968 - data_ingestion - DEBUG - Downloading auto_mpg.zip from bucket model-datasets
2025-10-19 11:39:42,045 - data_ingestion - DEBUG - Download completed and saved at data/raw\auto_mpg.zip
2025-10-19 11:46:49,659 - data_ingestion - DEBUG - Downloading auto_mpg.zip from bucket model-datasets
2025-10-19 11:46:52,146 - data_ingestion - DEBUG - Download completed and saved at data/raw\auto_mpg.zip
2025-10-19 11:46:52,167 - data_ingestion - DEBUG - Starting extraction from C:\Users\Awais\AppData\Local\Temp\pytest-of-Awais\pytest-4\data0\raw\auto_mpg.zip
2025-10-19 11:46:52,167 - data_ingestion - DEBUG - Extraction complete. Files are in C:\Users\Awais\AppData\Local\Temp\pytest-of-Awais\pytest-4\test_extract_file_from_downloa0\extracted
2025-10-19 11:46:52,167 - data_ingestion - DEBUG - Removed the original zip file C:\Users\Awais\AppData\Local\Temp\pytest-of-Awais\pytest-4\data0\raw\auto_mpg.zip
2025-10-19 11:51:34,371 - data_ingestion - DEBUG - Downloading auto_mpg.zip from bucket model-datasets
2025-10-19 11:51:37,580 - data_ingestion - DEBUG - Download completed and saved at data/raw\auto_mpg.zip
2025-10-19 11:51:37,589 - data_ingestion - DEBUG - Starting extraction from C:\Users\Awais\AppData\Local\Temp\pytest-of-Awais\pytest-5\data0\raw\auto_mpg.zip
2025-10-19 11:51:37,589 - data_ingestion - DEBUG - Extraction complete. Files are in C:\Users\Awais\AppData\Local\Temp\pytest-of-Awais\pytest-5\test_extract_file_from_downloa0\extracted
2025-10-19 11:51:37,597 - data_ingestion - DEBUG - Removed the original zip file C:\Users\Awais\AppData\Local\Temp\pytest-of-Awais\pytest-5\data0\raw\auto_mpg.zip
2025-10-19 11:52:00,952 - data_ingestion - DEBUG - Downloading auto_mpg.zip from bucket model-datasets
2025-10-19 11:52:03,316 - data_ingestion - DEBUG - Download completed and saved at data/raw\auto_mpg.zip
2025-10-19 11:52:03,333 - data_ingestion - DEBUG - Starting extraction from C:\Users\Awais\AppData\Local\Temp\pytest-of-Awais\pytest-6\data0\raw\auto_mpg.zip
2025-10-19 11:52:03,333 - data_ingestion - DEBUG - Extraction complete. Files are in C:\Users\Awais\AppData\Local\Temp\pytest-of-Awais\pytest-6\test_extract_file_from_downloa0\extracted
2025-10-19 11:52:03,333 - data_ingestion - DEBUG - Removed the original zip file C:\Users\Awais\AppData\Local\Temp\pytest-of-Awais\pytest-6\data0\raw\auto_mpg.zip
2025-10-19 11:55:23,675 - data_ingestion - DEBUG - Downloading auto_mpg.zip from bucket model-datasets
2025-10-19 11:55:27,404 - data_ingestion - DEBUG - Download completed and saved at data/raw\auto_mpg.zip
2025-10-19 11:55:27,412 - data_ingestion - DEBUG - Starting extraction from C:\Users\Awais\AppData\Local\Temp\pytest-of-Awais\pytest-7\data0\raw\auto_mpg.zip
2025-10-19 11:55:27,412 - data_ingestion - DEBUG - Extraction complete. Files are in C:\Users\Awais\AppData\Local\Temp\pytest-of-Awais\pytest-7\test_extract_file_from_downloa0\extracted
2025-10-19 11:55:27,412 - data_ingestion - DEBUG - Removed the original zip file C:\Users\Awais\AppData\Local\Temp\pytest-of-Awais\pytest-7\data0\raw\auto_mpg.zip
2025-10-19 11:56:46,296 - data_ingestion - DEBUG - Downloading auto_mpg.zip from bucket model-datasets
2025-10-19 11:56:50,952 - data_ingestion - DEBUG - Download completed and saved at data/raw\auto_mpg.zip
2025-10-19 11:56:50,976 - data_ingestion - DEBUG - Starting extraction from C:\Users\Awais\AppData\Local\Temp\pytest-of-Awais\pytest-8\data0\raw\auto_mpg.zip
2025-10-19 11:56:50,984 - data_ingestion - DEBUG - Extraction complete. Files are in C:\Users\Awais\AppData\Local\Temp\pytest-of-Awais\pytest-8\test_extract_file_from_downloa0\extracted
2025-10-19 11:56:50,984 - data_ingestion - DEBUG - Removed the original zip file C:\Users\Awais\AppData\Local\Temp\pytest-of-Awais\pytest-8\data0\raw\auto_mpg.zip
2025-10-19 11:56:50,992 - data_ingestion - DEBUG - Downloading auto_mpg.zip from bucket model-datasets
2025-10-19 11:56:55,747 - data_ingestion - DEBUG - Download completed and saved at data/raw\auto_mpg.zip
2025-10-19 11:56:55,747 - data_ingestion - DEBUG - Starting extraction from C:\Users\Awais\AppData\Local\Temp\pytest-of-Awais\pytest-8\data0\raw\auto_mpg.zip
2025-10-19 11:56:55,769 - data_ingestion - DEBUG - Extraction complete. Files are in C:\Users\Awais\AppData\Local\Temp\pytest-of-Awais\pytest-8\test_features_dataset0\extracted
2025-10-19 11:56:55,769 - data_ingestion - DEBUG - Removed the original zip file C:\Users\Awais\AppData\Local\Temp\pytest-of-Awais\pytest-8\data0\raw\auto_mpg.zip
2025-10-19 12:00:50,780 - data_ingestion - DEBUG - Downloading auto_mpg.zip from bucket model-datasets
2025-10-19 12:00:57,295 - data_ingestion - DEBUG - Download completed and saved at data/raw\auto_mpg.zip
2025-10-19 12:00:57,303 - data_ingestion - DEBUG - Starting extraction from C:\Users\Awais\AppData\Local\Temp\pytest-of-Awais\pytest-9\data0\raw\auto_mpg.zip
2025-10-19 12:00:57,311 - data_ingestion - DEBUG - Extraction complete. Files are in C:\Users\Awais\AppData\Local\Temp\pytest-of-Awais\pytest-9\test_extract_file_from_downloa0\extracted
2025-10-19 12:00:57,311 - data_ingestion - DEBUG - Removed the original zip file C:\Users\Awais\AppData\Local\Temp\pytest-of-Awais\pytest-9\data0\raw\auto_mpg.zip
2025-10-19 12:00:57,319 - data_ingestion - DEBUG - Starting extraction from C:\Users\Awais\AppData\Local\Temp\pytest-of-Awais\pytest-9\data0\raw\auto_mpg.zip
2025-10-19 12:00:57,323 - data_ingestion - DEBUG - Extraction complete. Files are in C:\Users\Awais\AppData\Local\Temp\pytest-of-Awais\pytest-9\test_features_dataset0\extracted
2025-10-19 12:00:57,323 - data_ingestion - DEBUG - Removed the original zip file C:\Users\Awais\AppData\Local\Temp\pytest-of-Awais\pytest-9\data0\raw\auto_mpg.zip
2025-10-19 12:03:22,887 - data_ingestion - DEBUG - Downloading auto_mpg.zip from bucket model-datasets
2025-10-19 12:03:31,041 - data_ingestion - DEBUG - Download completed and saved at data/raw\auto_mpg.zip
2025-10-19 12:03:31,060 - data_ingestion - DEBUG - Starting extraction from C:\Users\Awais\AppData\Local\Temp\pytest-of-Awais\pytest-10\data0\raw\auto_mpg.zip
2025-10-19 12:03:31,060 - data_ingestion - DEBUG - Extraction complete. Files are in C:\Users\Awais\AppData\Local\Temp\pytest-of-Awais\pytest-10\test_extract_file_from_downloa0\extracted
2025-10-19 12:03:31,060 - data_ingestion - DEBUG - Removed the original zip file C:\Users\Awais\AppData\Local\Temp\pytest-of-Awais\pytest-10\data0\raw\auto_mpg.zip
2025-10-19 12:03:31,068 - data_ingestion - DEBUG - Starting extraction from C:\Users\Awais\AppData\Local\Temp\pytest-of-Awais\pytest-10\data0\raw\auto_mpg.zip
2025-10-19 12:03:31,076 - data_ingestion - DEBUG - Extraction complete. Files are in C:\Users\Awais\AppData\Local\Temp\pytest-of-Awais\pytest-10\test_features_dataset0\extracted
2025-10-19 12:03:31,076 - data_ingestion - DEBUG - Removed the original zip file C:\Users\Awais\AppData\Local\Temp\pytest-of-Awais\pytest-10\data0\raw\auto_mpg.zip
2025-10-19 12:11:26,793 - data_ingestion - DEBUG - Downloading auto_mpg.zip from bucket model-datasets
2025-10-19 12:11:30,530 - data_ingestion - DEBUG - Download completed and saved at data/raw\auto_mpg.zip
2025-10-19 12:11:30,549 - data_ingestion - DEBUG - Starting extraction from C:\Users\Awais\AppData\Local\Temp\pytest-of-Awais\pytest-11\data0\raw\auto_mpg.zip
2025-10-19 12:11:30,549 - data_ingestion - DEBUG - Extraction complete. Files are in C:\Users\Awais\AppData\Local\Temp\pytest-of-Awais\pytest-11\test_extract_file_from_downloa0\extracted
2025-10-19 12:11:30,549 - data_ingestion - DEBUG - Removed the original zip file C:\Users\Awais\AppData\Local\Temp\pytest-of-Awais\pytest-11\data0\raw\auto_mpg.zip
2025-10-19 12:11:30,558 - data_ingestion - DEBUG - Starting extraction from C:\Users\Awais\AppData\Local\Temp\pytest-of-Awais\pytest-11\data0\raw\auto_mpg.zip
2025-10-19 12:11:30,558 - data_ingestion - DEBUG - Extraction complete. Files are in C:\Users\Awais\AppData\Local\Temp\pytest-of-Awais\pytest-11\test_features_dataset0\extracted
2025-10-19 12:11:30,558 - data_ingestion - DEBUG - Removed the original zip file C:\Users\Awais\AppData\Local\Temp\pytest-of-Awais\pytest-11\data0\raw\auto_mpg.zip
2025-10-19 12:12:00,176 - data_ingestion - DEBUG - Downloading auto_mpg.zip from bucket model-datasets
2025-10-19 12:12:02,298 - data_ingestion - DEBUG - Download completed and saved at data/raw\auto_mpg.zip
2025-10-19 12:12:02,314 - data_ingestion - DEBUG - Starting extraction from C:\Users\Awais\AppData\Local\Temp\pytest-of-Awais\pytest-12\data0\raw\auto_mpg.zip
2025-10-19 12:12:02,314 - data_ingestion - DEBUG - Extraction complete. Files are in C:\Users\Awais\AppData\Local\Temp\pytest-of-Awais\pytest-12\test_extract_file_from_downloa0\extracted
2025-10-19 12:12:02,314 - data_ingestion - DEBUG - Removed the original zip file C:\Users\Awais\AppData\Local\Temp\pytest-of-Awais\pytest-12\data0\raw\auto_mpg.zip
2025-10-19 12:13:40,004 - data_ingestion - DEBUG - Downloading auto_mpg.zip from bucket model-datasets
2025-10-19 12:13:43,356 - data_ingestion - DEBUG - Download completed and saved at data/raw\auto_mpg.zip
2025-10-19 12:13:43,372 - data_ingestion - DEBUG - Starting extraction from C:\Users\Awais\AppData\Local\Temp\pytest-of-Awais\pytest-13\data0\raw\auto_mpg.zip
2025-10-19 12:13:43,372 - data_ingestion - DEBUG - Extraction complete. Files are in C:\Users\Awais\AppData\Local\Temp\pytest-of-Awais\pytest-13\test_extract_file_from_downloa0\extracted
2025-10-19 12:13:43,372 - data_ingestion - DEBUG - Removed the original zip file C:\Users\Awais\AppData\Local\Temp\pytest-of-Awais\pytest-13\data0\raw\auto_mpg.zip
2025-10-19 12:13:58,202 - data_ingestion - DEBUG - Downloading auto_mpg.zip from bucket model-datasets
2025-10-19 12:14:00,275 - data_ingestion - DEBUG - Download completed and saved at data/raw\auto_mpg.zip
2025-10-19 12:14:00,302 - data_ingestion - DEBUG - Starting extraction from C:\Users\Awais\AppData\Local\Temp\pytest-of-Awais\pytest-14\data0\raw\auto_mpg.zip
2025-10-19 12:14:00,302 - data_ingestion - DEBUG - Extraction complete. Files are in C:\Users\Awais\AppData\Local\Temp\pytest-of-Awais\pytest-14\test_extract_file_from_downloa0\extracted
2025-10-19 12:14:00,302 - data_ingestion - DEBUG - Removed the original zip file C:\Users\Awais\AppData\Local\Temp\pytest-of-Awais\pytest-14\data0\raw\auto_mpg.zip
2025-10-19 12:15:42,123 - data_ingestion - DEBUG - Downloading auto_mpg.zip from bucket model-datasets
2025-10-19 12:15:44,926 - data_ingestion - DEBUG - Download completed and saved at data/raw\auto_mpg.zip
2025-10-19 12:15:44,945 - data_ingestion - DEBUG - Starting extraction from C:\Users\Awais\AppData\Local\Temp\pytest-of-Awais\pytest-15\data0\raw\auto_mpg.zip
2025-10-19 12:15:44,945 - data_ingestion - DEBUG - Extraction complete. Files are in C:\Users\Awais\AppData\Local\Temp\pytest-of-Awais\pytest-15\test_extract_file_from_downloa0\extracted
2025-10-19 12:15:44,945 - data_ingestion - DEBUG - Removed the original zip file C:\Users\Awais\AppData\Local\Temp\pytest-of-Awais\pytest-15\data0\raw\auto_mpg.zip
2025-10-19 12:15:44,956 - data_ingestion - DEBUG - Starting extraction from C:\Users\Awais\AppData\Local\Temp\pytest-of-Awais\pytest-15\data0\raw\auto_mpg.zip
2025-10-19 12:15:44,957 - data_ingestion - DEBUG - Extraction complete. Files are in C:\Users\Awais\AppData\Local\Temp\pytest-of-Awais\pytest-15\test_features_dataset0\extracted
2025-10-19 12:15:44,957 - data_ingestion - DEBUG - Removed the original zip file C:\Users\Awais\AppData\Local\Temp\pytest-of-Awais\pytest-15\data0\raw\auto_mpg.zip
2025-10-19 12:16:39,304 - data_ingestion - DEBUG - Downloading auto_mpg.zip from bucket model-datasets
2025-10-19 12:16:40,958 - data_ingestion - DEBUG - Download completed and saved at data/raw\auto_mpg.zip
2025-10-19 12:16:40,962 - data_ingestion - DEBUG - Starting extraction from C:\Users\Awais\AppData\Local\Temp\pytest-of-Awais\pytest-16\data0\raw\auto_mpg.zip
2025-10-19 12:16:40,972 - data_ingestion - DEBUG - Extraction complete. Files are in C:\Users\Awais\AppData\Local\Temp\pytest-of-Awais\pytest-16\test_extract_file_from_downloa0\extracted
2025-10-19 12:16:40,972 - data_ingestion - DEBUG - Removed the original zip file C:\Users\Awais\AppData\Local\Temp\pytest-of-Awais\pytest-16\data0\raw\auto_mpg.zip
2025-10-19 12:16:40,979 - data_ingestion - DEBUG - Starting extraction from C:\Users\Awais\AppData\Local\Temp\pytest-of-Awais\pytest-16\data0\raw\auto_mpg.zip
2025-10-19 12:16:40,986 - data_ingestion - DEBUG - Extraction complete. Files are in C:\Users\Awais\AppData\Local\Temp\pytest-of-Awais\pytest-16\test_features_dataset0\extracted
2025-10-19 12:16:40,987 - data_ingestion - DEBUG - Removed the original zip file C:\Users\Awais\AppData\Local\Temp\pytest-of-Awais\pytest-16\data0\raw\auto_mpg.zip
2025-10-19 12:20:38,246 - data_ingestion - DEBUG - Downloading auto_mpg.zip from bucket model-datasets
2025-10-19 12:20:40,667 - data_ingestion - DEBUG - Download completed and saved at data/raw\auto_mpg.zip
2025-10-19 12:20:40,686 - data_ingestion - DEBUG - Starting extraction from C:\Users\Awais\AppData\Local\Temp\pytest-of-Awais\pytest-17\data0\raw\auto_mpg.zip
2025-10-19 12:20:40,686 - data_ingestion - DEBUG - Extraction complete. Files are in C:\Users\Awais\AppData\Local\Temp\pytest-of-Awais\pytest-17\test_extract_file_from_downloa0\extracted
2025-10-19 12:20:40,686 - data_ingestion - DEBUG - Removed the original zip file C:\Users\Awais\AppData\Local\Temp\pytest-of-Awais\pytest-17\data0\raw\auto_mpg.zip
2025-10-19 12:20:40,699 - data_ingestion - DEBUG - Starting extraction from C:\Users\Awais\AppData\Local\Temp\pytest-of-Awais\pytest-17\data0\raw\auto_mpg.zip
2025-10-19 12:20:40,699 - data_ingestion - DEBUG - Extraction complete. Files are in C:\Users\Awais\AppData\Local\Temp\pytest-of-Awais\pytest-17\test_features_dataset0\extracted
2025-10-19 12:20:40,699 - data_ingestion - DEBUG - Removed the original zip file C:\Users\Awais\AppData\Local\Temp\pytest-of-Awais\pytest-17\data0\raw\auto_mpg.zip
2025-10-19 12:27:01,674 - data_ingestion - DEBUG - Downloading auto_mpg.zip from bucket model-datasets
2025-10-19 12:27:03,946 - data_ingestion - DEBUG - Download completed and saved at data/raw\auto_mpg.zip
2025-10-19 12:27:03,972 - data_ingestion - DEBUG - Starting extraction from C:\Users\Awais\AppData\Local\Temp\pytest-of-Awais\pytest-18\data0\raw\auto_mpg.zip
2025-10-19 12:27:03,978 - data_ingestion - DEBUG - Extraction complete. Files are in C:\Users\Awais\AppData\Local\Temp\pytest-of-Awais\pytest-18\test_extract_file_from_downloa0\extracted
2025-10-19 12:27:03,978 - data_ingestion - DEBUG - Removed the original zip file C:\Users\Awais\AppData\Local\Temp\pytest-of-Awais\pytest-18\data0\raw\auto_mpg.zip
2025-10-19 12:27:03,982 - data_ingestion - DEBUG - Starting extraction from C:\Users\Awais\AppData\Local\Temp\pytest-of-Awais\pytest-18\data0\raw\auto_mpg.zip
2025-10-19 12:27:03,982 - data_ingestion - DEBUG - Extraction complete. Files are in C:\Users\Awais\AppData\Local\Temp\pytest-of-Awais\pytest-18\test_features_dataset0\extracted
2025-10-19 12:27:03,982 - data_ingestion - DEBUG - Removed the original zip file C:\Users\Awais\AppData\Local\Temp\pytest-of-Awais\pytest-18\data0\raw\auto_mpg.zip
