2025-10-16 11:59:27,715 - model_building - DEBUG - Training with Cross Fold Validation
2025-10-16 11:59:29,528 - model_building - INFO - LinearRegression:
2025-10-16 11:59:29,528 - model_building - INFO - Best Parameters: {}
2025-10-16 11:59:29,528 - model_building - INFO - Cross-Validated R Score: 0.8099
2025-10-16 11:59:29,544 - model_building - INFO - R Scores per Fold: ['0.8161', '0.8124', '0.7733', '0.7969', '0.8507']
2025-10-16 11:59:29,544 - model_building - INFO - ------------------------------------------------------------
2025-10-16 11:59:30,698 - model_building - INFO - Ridge:
2025-10-16 11:59:30,710 - model_building - INFO - Best Parameters: {'alpha': 1.0}
2025-10-16 11:59:30,710 - model_building - INFO - Cross-Validated R Score: 0.8103
2025-10-16 11:59:30,710 - model_building - INFO - R Scores per Fold: ['0.8166', '0.8117', '0.7726', '0.7999', '0.8505']
2025-10-16 11:59:30,710 - model_building - INFO - ------------------------------------------------------------
2025-10-16 11:59:30,766 - model_building - INFO - Lasso:
2025-10-16 11:59:30,766 - model_building - INFO - Best Parameters: {'alpha': 0.1, 'max_iter': 1000}
2025-10-16 11:59:30,766 - model_building - INFO - Cross-Validated R Score: 0.8130
2025-10-16 11:59:30,766 - model_building - INFO - R Scores per Fold: ['0.8228', '0.8080', '0.7721', '0.8123', '0.8497']
2025-10-16 11:59:30,766 - model_building - INFO - ------------------------------------------------------------
2025-10-16 11:59:30,843 - model_building - INFO - ElasticNet:
2025-10-16 11:59:30,844 - model_building - INFO - Best Parameters: {'alpha': 0.1, 'l1_ratio': 0.8}
2025-10-16 11:59:30,844 - model_building - INFO - Cross-Validated R Score: 0.8119
2025-10-16 11:59:30,844 - model_building - INFO - R Scores per Fold: ['0.8192', '0.8107', '0.7710', '0.8149', '0.8437']
2025-10-16 11:59:30,845 - model_building - INFO - ------------------------------------------------------------
2025-10-16 11:59:31,012 - model_building - INFO - SVR:
2025-10-16 11:59:31,012 - model_building - INFO - Best Parameters: {'C': 10.0, 'gamma': 'auto', 'kernel': 'rbf'}
2025-10-16 11:59:31,012 - model_building - INFO - Cross-Validated R Score: 0.8506
2025-10-16 11:59:31,012 - model_building - INFO - R Scores per Fold: ['0.8266', '0.8703', '0.8024', '0.8863', '0.8675']
2025-10-16 11:59:31,012 - model_building - INFO - ------------------------------------------------------------
2025-10-16 11:59:36,209 - model_building - INFO - RandomForestRegressor:
2025-10-16 11:59:36,209 - model_building - INFO - Best Parameters: {'max_depth': 30, 'n_estimators': 100}
2025-10-16 11:59:36,209 - model_building - INFO - Cross-Validated R Score: 0.8606
2025-10-16 11:59:36,209 - model_building - INFO - R Scores per Fold: ['0.8214', '0.8446', '0.8466', '0.8991', '0.8912']
2025-10-16 11:59:36,209 - model_building - INFO - ------------------------------------------------------------
2025-10-16 11:59:36,316 - model_building - INFO - DecisionTreeRegressor:
2025-10-16 11:59:36,319 - model_building - INFO - Best Parameters: {'max_depth': None, 'min_samples_leaf': 1, 'min_samples_split': 5}
2025-10-16 11:59:36,319 - model_building - INFO - Cross-Validated R Score: 0.8037
2025-10-16 11:59:36,319 - model_building - INFO - R Scores per Fold: ['0.8165', '0.7712', '0.7840', '0.8774', '0.7692']
2025-10-16 11:59:36,319 - model_building - INFO - ------------------------------------------------------------
2025-10-16 11:59:36,319 - model_building - INFO - Training completed.
2025-10-16 11:59:36,319 - model_building - INFO - Top 2 Models: ['RandomForestRegressor', 'SVR']
2025-10-16 11:59:36,348 - model_building - INFO - Normality p-value: 0.9932
2025-10-16 12:05:02,978 - model_building - DEBUG - Training with Cross Fold Validation
2025-10-16 12:05:04,743 - model_building - INFO - LinearRegression:
2025-10-16 12:05:04,747 - model_building - INFO - Best Parameters: {}
2025-10-16 12:05:04,747 - model_building - INFO - Cross-Validated R Score: 0.8099
2025-10-16 12:05:04,747 - model_building - INFO - R Scores per Fold: ['0.8161', '0.8124', '0.7733', '0.7969', '0.8507']
2025-10-16 12:05:04,747 - model_building - INFO - ------------------------------------------------------------
2025-10-16 12:05:05,872 - model_building - INFO - Ridge:
2025-10-16 12:05:05,872 - model_building - INFO - Best Parameters: {'alpha': 1.0}
2025-10-16 12:05:05,872 - model_building - INFO - Cross-Validated R Score: 0.8103
2025-10-16 12:05:05,872 - model_building - INFO - R Scores per Fold: ['0.8166', '0.8117', '0.7726', '0.7999', '0.8505']
2025-10-16 12:05:05,872 - model_building - INFO - ------------------------------------------------------------
2025-10-16 12:05:05,952 - model_building - INFO - Lasso:
2025-10-16 12:05:05,952 - model_building - INFO - Best Parameters: {'alpha': 0.1, 'max_iter': 1000}
2025-10-16 12:05:05,952 - model_building - INFO - Cross-Validated R Score: 0.8130
2025-10-16 12:05:05,952 - model_building - INFO - R Scores per Fold: ['0.8228', '0.8080', '0.7721', '0.8123', '0.8497']
2025-10-16 12:05:05,952 - model_building - INFO - ------------------------------------------------------------
2025-10-16 12:05:06,022 - model_building - INFO - ElasticNet:
2025-10-16 12:05:06,022 - model_building - INFO - Best Parameters: {'alpha': 0.1, 'l1_ratio': 0.8}
2025-10-16 12:05:06,022 - model_building - INFO - Cross-Validated R Score: 0.8119
2025-10-16 12:05:06,022 - model_building - INFO - R Scores per Fold: ['0.8192', '0.8107', '0.7710', '0.8149', '0.8437']
2025-10-16 12:05:06,022 - model_building - INFO - ------------------------------------------------------------
2025-10-16 12:05:06,173 - model_building - INFO - SVR:
2025-10-16 12:05:06,173 - model_building - INFO - Best Parameters: {'C': 10.0, 'gamma': 'auto', 'kernel': 'rbf'}
2025-10-16 12:05:06,173 - model_building - INFO - Cross-Validated R Score: 0.8506
2025-10-16 12:05:06,173 - model_building - INFO - R Scores per Fold: ['0.8266', '0.8703', '0.8024', '0.8863', '0.8675']
2025-10-16 12:05:06,173 - model_building - INFO - ------------------------------------------------------------
2025-10-16 12:05:11,405 - model_building - INFO - RandomForestRegressor:
2025-10-16 12:05:11,405 - model_building - INFO - Best Parameters: {'max_depth': 30, 'n_estimators': 200}
2025-10-16 12:05:11,405 - model_building - INFO - Cross-Validated R Score: 0.8587
2025-10-16 12:05:11,405 - model_building - INFO - R Scores per Fold: ['0.8110', '0.8496', '0.8531', '0.8977', '0.8822']
2025-10-16 12:05:11,405 - model_building - INFO - ------------------------------------------------------------
2025-10-16 12:05:11,520 - model_building - INFO - DecisionTreeRegressor:
2025-10-16 12:05:11,520 - model_building - INFO - Best Parameters: {'max_depth': 20, 'min_samples_leaf': 2, 'min_samples_split': 2}
2025-10-16 12:05:11,520 - model_building - INFO - Cross-Validated R Score: 0.7981
2025-10-16 12:05:11,520 - model_building - INFO - R Scores per Fold: ['0.7906', '0.7904', '0.7236', '0.8556', '0.8304']
2025-10-16 12:05:11,520 - model_building - INFO - ------------------------------------------------------------
2025-10-16 12:05:11,520 - model_building - INFO - Training completed.
2025-10-16 12:05:11,520 - model_building - INFO - Top 2 Models: ['RandomForestRegressor', 'SVR']
2025-10-16 12:05:11,529 - model_building - INFO - Comparison: RandomForestRegressor vs SVR
2025-10-16 12:05:11,529 - model_building - INFO - Normality p-value: 0.5325
2025-10-16 12:05:11,552 - model_building - INFO - Best Model Selected: RandomForestRegressor
2025-10-16 12:05:11,552 - model_building - INFO - Starting model saving process...
2025-10-16 12:05:11,609 - model_building - INFO - Model saved successfully as models/best_model.pkl
2025-10-16 12:07:37,593 - model_building - DEBUG - Training with cross fold validation
2025-10-16 12:07:39,330 - model_building - INFO - LinearRegression:
2025-10-16 12:07:39,330 - model_building - INFO - Best Parameters: {}
2025-10-16 12:07:39,330 - model_building - INFO - Cross-Validated R2 Score: 0.8099
2025-10-16 12:07:39,330 - model_building - INFO - R2 Scores per Fold: ['0.8161', '0.8124', '0.7733', '0.7969', '0.8507']
2025-10-16 12:07:39,330 - model_building - INFO - ------------------------------------------------------------
2025-10-16 12:07:40,504 - model_building - INFO - Ridge:
2025-10-16 12:07:40,504 - model_building - INFO - Best Parameters: {'alpha': 1.0}
2025-10-16 12:07:40,504 - model_building - INFO - Cross-Validated R2 Score: 0.8103
2025-10-16 12:07:40,504 - model_building - INFO - R2 Scores per Fold: ['0.8166', '0.8117', '0.7726', '0.7999', '0.8505']
2025-10-16 12:07:40,504 - model_building - INFO - ------------------------------------------------------------
2025-10-16 12:07:40,577 - model_building - INFO - Lasso:
2025-10-16 12:07:40,577 - model_building - INFO - Best Parameters: {'alpha': 0.1, 'max_iter': 1000}
2025-10-16 12:07:40,577 - model_building - INFO - Cross-Validated R2 Score: 0.8130
2025-10-16 12:07:40,577 - model_building - INFO - R2 Scores per Fold: ['0.8228', '0.8080', '0.7721', '0.8123', '0.8497']
2025-10-16 12:07:40,577 - model_building - INFO - ------------------------------------------------------------
2025-10-16 12:07:40,651 - model_building - INFO - ElasticNet:
2025-10-16 12:07:40,651 - model_building - INFO - Best Parameters: {'alpha': 0.1, 'l1_ratio': 0.8}
2025-10-16 12:07:40,651 - model_building - INFO - Cross-Validated R2 Score: 0.8119
2025-10-16 12:07:40,651 - model_building - INFO - R2 Scores per Fold: ['0.8192', '0.8107', '0.7710', '0.8149', '0.8437']
2025-10-16 12:07:40,651 - model_building - INFO - ------------------------------------------------------------
2025-10-16 12:07:40,827 - model_building - INFO - SVR:
2025-10-16 12:07:40,827 - model_building - INFO - Best Parameters: {'C': 10.0, 'gamma': 'auto', 'kernel': 'rbf'}
2025-10-16 12:07:40,827 - model_building - INFO - Cross-Validated R2 Score: 0.8506
2025-10-16 12:07:40,827 - model_building - INFO - R2 Scores per Fold: ['0.8266', '0.8703', '0.8024', '0.8863', '0.8675']
2025-10-16 12:07:40,837 - model_building - INFO - ------------------------------------------------------------
2025-10-16 12:07:46,200 - model_building - INFO - RandomForestRegressor:
2025-10-16 12:07:46,200 - model_building - INFO - Best Parameters: {'max_depth': 40, 'n_estimators': 300}
2025-10-16 12:07:46,200 - model_building - INFO - Cross-Validated R2 Score: 0.8600
2025-10-16 12:07:46,200 - model_building - INFO - R2 Scores per Fold: ['0.8229', '0.8448', '0.8489', '0.8967', '0.8867']
2025-10-16 12:07:46,200 - model_building - INFO - ------------------------------------------------------------
2025-10-16 12:07:46,307 - model_building - INFO - DecisionTreeRegressor:
2025-10-16 12:07:46,307 - model_building - INFO - Best Parameters: {'max_depth': None, 'min_samples_leaf': 2, 'min_samples_split': 5}
2025-10-16 12:07:46,307 - model_building - INFO - Cross-Validated R2 Score: 0.7968
2025-10-16 12:07:46,307 - model_building - INFO - R2 Scores per Fold: ['0.7810', '0.7988', '0.7283', '0.8414', '0.8345']
2025-10-16 12:07:46,307 - model_building - INFO - ------------------------------------------------------------
2025-10-16 12:07:46,307 - model_building - INFO - Training completed
2025-10-16 12:07:46,307 - model_building - INFO - Top 2 Models: ['RandomForestRegressor', 'SVR']
2025-10-16 12:07:46,318 - model_building - INFO - Comparison: RandomForestRegressor vs SVR
2025-10-16 12:07:46,318 - model_building - INFO - Normality p-value: 0.9944
2025-10-16 12:07:46,318 - model_building - INFO - Wilcoxon Test p-value: 0.6250 - Not Significant
2025-10-16 12:07:46,318 - model_building - INFO - Decision: Normality violated - use Wilcoxon test
2025-10-16 12:07:46,318 - model_building - INFO - Best Model Selected: RandomForestRegressor
2025-10-16 12:07:46,318 - model_building - INFO - Starting model saving process
2025-10-16 12:07:46,391 - model_building - INFO - Model saved successfully as models/best_model.pkl
2025-10-16 12:13:34,149 - model_building - DEBUG - Training with cross fold validation
2025-10-16 12:13:35,859 - model_building - INFO - LinearRegression:
2025-10-16 12:13:35,859 - model_building - INFO - Best Parameters: {}
2025-10-16 12:13:35,859 - model_building - INFO - Cross-Validated R2 Score: 0.8099
2025-10-16 12:13:35,859 - model_building - INFO - R2 Scores per Fold: ['0.8161', '0.8124', '0.7733', '0.7969', '0.8507']
2025-10-16 12:13:35,859 - model_building - INFO - ------------------------------------------------------------
2025-10-16 12:13:37,000 - model_building - INFO - Ridge:
2025-10-16 12:13:37,000 - model_building - INFO - Best Parameters: {'alpha': 1.0}
2025-10-16 12:13:37,000 - model_building - INFO - Cross-Validated R2 Score: 0.8103
2025-10-16 12:13:37,000 - model_building - INFO - R2 Scores per Fold: ['0.8166', '0.8117', '0.7726', '0.7999', '0.8505']
2025-10-16 12:13:37,000 - model_building - INFO - ------------------------------------------------------------
2025-10-16 12:13:37,062 - model_building - INFO - Lasso:
2025-10-16 12:13:37,062 - model_building - INFO - Best Parameters: {'alpha': 0.1, 'max_iter': 1000}
2025-10-16 12:13:37,062 - model_building - INFO - Cross-Validated R2 Score: 0.8130
2025-10-16 12:13:37,062 - model_building - INFO - R2 Scores per Fold: ['0.8228', '0.8080', '0.7721', '0.8123', '0.8497']
2025-10-16 12:13:37,062 - model_building - INFO - ------------------------------------------------------------
2025-10-16 12:13:37,133 - model_building - INFO - ElasticNet:
2025-10-16 12:13:37,133 - model_building - INFO - Best Parameters: {'alpha': 0.1, 'l1_ratio': 0.8}
2025-10-16 12:13:37,141 - model_building - INFO - Cross-Validated R2 Score: 0.8119
2025-10-16 12:13:37,149 - model_building - INFO - R2 Scores per Fold: ['0.8192', '0.8107', '0.7710', '0.8149', '0.8437']
2025-10-16 12:13:37,151 - model_building - INFO - ------------------------------------------------------------
2025-10-16 12:13:37,332 - model_building - INFO - SVR:
2025-10-16 12:13:37,332 - model_building - INFO - Best Parameters: {'C': 10.0, 'gamma': 'auto', 'kernel': 'rbf'}
2025-10-16 12:13:37,332 - model_building - INFO - Cross-Validated R2 Score: 0.8506
2025-10-16 12:13:37,332 - model_building - INFO - R2 Scores per Fold: ['0.8266', '0.8703', '0.8024', '0.8863', '0.8675']
2025-10-16 12:13:37,332 - model_building - INFO - ------------------------------------------------------------
2025-10-16 12:13:42,519 - model_building - INFO - RandomForestRegressor:
2025-10-16 12:13:42,519 - model_building - INFO - Best Parameters: {'max_depth': 20, 'n_estimators': 50}
2025-10-16 12:13:42,526 - model_building - INFO - Cross-Validated R2 Score: 0.8585
2025-10-16 12:13:42,526 - model_building - INFO - R2 Scores per Fold: ['0.8194', '0.8475', '0.8445', '0.9014', '0.8797']
2025-10-16 12:13:42,526 - model_building - INFO - ------------------------------------------------------------
2025-10-16 12:13:42,634 - model_building - INFO - DecisionTreeRegressor:
2025-10-16 12:13:42,634 - model_building - INFO - Best Parameters: {'max_depth': 10, 'min_samples_leaf': 1, 'min_samples_split': 5}
2025-10-16 12:13:42,634 - model_building - INFO - Cross-Validated R2 Score: 0.7964
2025-10-16 12:13:42,634 - model_building - INFO - R2 Scores per Fold: ['0.8312', '0.7701', '0.7712', '0.8323', '0.7773']
2025-10-16 12:13:42,634 - model_building - INFO - ------------------------------------------------------------
2025-10-16 12:13:42,634 - model_building - INFO - Training completed
2025-10-16 12:13:42,634 - model_building - INFO - Top 2 Models: ['RandomForestRegressor', 'SVR']
2025-10-16 12:13:42,642 - model_building - INFO - Comparison: RandomForestRegressor vs SVR
2025-10-16 12:13:42,642 - model_building - INFO - Normality p-value: 0.9142
2025-10-16 12:13:42,642 - model_building - INFO - Wilcoxon Test p-value: 0.6250 - Not Significant
2025-10-16 12:13:42,642 - model_building - INFO - Decision: Normality violated - use Wilcoxon test
2025-10-16 12:13:42,642 - model_building - INFO - Best Model Selected: RandomForestRegressor
2025-10-16 12:13:42,642 - model_building - INFO - Starting model saving process
2025-10-16 12:13:42,659 - model_building - INFO - Model saved successfully as models/best_model.pkl
2025-10-16 12:33:28,181 - model_building - DEBUG - Training with cross fold validation
2025-10-16 12:33:29,943 - model_building - INFO - LinearRegression:
2025-10-16 12:33:29,943 - model_building - INFO - Best Parameters: {}
2025-10-16 12:33:29,943 - model_building - INFO - Cross-Validated R2 Score: 0.8099
2025-10-16 12:33:29,943 - model_building - INFO - R2 Scores per Fold: ['0.8161', '0.8124', '0.7733', '0.7969', '0.8507']
2025-10-16 12:33:29,943 - model_building - INFO - ------------------------------------------------------------
2025-10-16 12:33:31,164 - model_building - INFO - Ridge:
2025-10-16 12:33:31,164 - model_building - INFO - Best Parameters: {'alpha': 1.0}
2025-10-16 12:33:31,164 - model_building - INFO - Cross-Validated R2 Score: 0.8103
2025-10-16 12:33:31,166 - model_building - INFO - R2 Scores per Fold: ['0.8166', '0.8117', '0.7726', '0.7999', '0.8505']
2025-10-16 12:33:31,166 - model_building - INFO - ------------------------------------------------------------
2025-10-16 12:33:31,225 - model_building - INFO - Lasso:
2025-10-16 12:33:31,225 - model_building - INFO - Best Parameters: {'alpha': 0.1, 'max_iter': 1000}
2025-10-16 12:33:31,225 - model_building - INFO - Cross-Validated R2 Score: 0.8130
2025-10-16 12:33:31,225 - model_building - INFO - R2 Scores per Fold: ['0.8228', '0.8080', '0.7721', '0.8123', '0.8497']
2025-10-16 12:33:31,225 - model_building - INFO - ------------------------------------------------------------
2025-10-16 12:33:31,288 - model_building - INFO - ElasticNet:
2025-10-16 12:33:31,288 - model_building - INFO - Best Parameters: {'alpha': 0.1, 'l1_ratio': 0.8}
2025-10-16 12:33:31,288 - model_building - INFO - Cross-Validated R2 Score: 0.8119
2025-10-16 12:33:31,288 - model_building - INFO - R2 Scores per Fold: ['0.8192', '0.8107', '0.7710', '0.8149', '0.8437']
2025-10-16 12:33:31,288 - model_building - INFO - ------------------------------------------------------------
2025-10-16 12:33:31,448 - model_building - INFO - SVR:
2025-10-16 12:33:31,448 - model_building - INFO - Best Parameters: {'C': 10.0, 'gamma': 'auto', 'kernel': 'rbf'}
2025-10-16 12:33:31,448 - model_building - INFO - Cross-Validated R2 Score: 0.8506
2025-10-16 12:33:31,448 - model_building - INFO - R2 Scores per Fold: ['0.8266', '0.8703', '0.8024', '0.8863', '0.8675']
2025-10-16 12:33:31,448 - model_building - INFO - ------------------------------------------------------------
2025-10-16 12:33:36,827 - model_building - INFO - RandomForestRegressor:
2025-10-16 12:33:36,835 - model_building - INFO - Best Parameters: {'max_depth': 10, 'n_estimators': 300}
2025-10-16 12:33:36,835 - model_building - INFO - Cross-Validated R2 Score: 0.8588
2025-10-16 12:33:36,835 - model_building - INFO - R2 Scores per Fold: ['0.8190', '0.8425', '0.8502', '0.8977', '0.8845']
2025-10-16 12:33:36,835 - model_building - INFO - ------------------------------------------------------------
2025-10-16 12:33:36,941 - model_building - INFO - DecisionTreeRegressor:
2025-10-16 12:33:36,941 - model_building - INFO - Best Parameters: {'max_depth': None, 'min_samples_leaf': 1, 'min_samples_split': 5}
2025-10-16 12:33:36,941 - model_building - INFO - Cross-Validated R2 Score: 0.8071
2025-10-16 12:33:36,941 - model_building - INFO - R2 Scores per Fold: ['0.8222', '0.7712', '0.7930', '0.8762', '0.7729']
2025-10-16 12:33:36,941 - model_building - INFO - ------------------------------------------------------------
2025-10-16 12:33:36,941 - model_building - INFO - Training completed
2025-10-16 12:33:36,941 - model_building - INFO - Top 2 Models: ['RandomForestRegressor', 'SVR']
2025-10-16 12:33:36,949 - model_building - INFO - Comparison: RandomForestRegressor vs SVR
2025-10-16 12:33:36,949 - model_building - INFO - Normality p-value: 0.9646
2025-10-16 12:33:36,949 - model_building - INFO - Wilcoxon Test p-value: 0.6250 - Not Significant
2025-10-16 12:33:36,949 - model_building - INFO - Decision: Normality violated - use Wilcoxon test
2025-10-16 12:33:36,949 - model_building - INFO - Best Model Selected: RandomForestRegressor
2025-10-16 12:33:36,949 - model_building - INFO - Starting model saving process
2025-10-16 12:33:37,019 - model_building - INFO - Model saved successfully as models/best_model.pkl
2025-10-16 13:15:29,057 - model_building - DEBUG - Training with cross fold validation
2025-10-16 13:15:31,104 - model_building - INFO - LinearRegression:
2025-10-16 13:15:31,104 - model_building - INFO - Best Parameters: {}
2025-10-16 13:15:31,104 - model_building - INFO - Cross-Validated R2 Score: 0.8099
2025-10-16 13:15:31,104 - model_building - INFO - R2 Scores per Fold: ['0.8161', '0.8124', '0.7733', '0.7969', '0.8507']
2025-10-16 13:15:31,112 - model_building - INFO - ------------------------------------------------------------
2025-10-16 13:15:32,547 - model_building - INFO - Ridge:
2025-10-16 13:15:32,547 - model_building - INFO - Best Parameters: {'alpha': 1.0}
2025-10-16 13:15:32,552 - model_building - INFO - Cross-Validated R2 Score: 0.8103
2025-10-16 13:15:32,552 - model_building - INFO - R2 Scores per Fold: ['0.8166', '0.8117', '0.7726', '0.7999', '0.8505']
2025-10-16 13:15:32,553 - model_building - INFO - ------------------------------------------------------------
2025-10-16 13:15:32,643 - model_building - INFO - Lasso:
2025-10-16 13:15:32,643 - model_building - INFO - Best Parameters: {'alpha': 0.1, 'max_iter': 1000}
2025-10-16 13:15:32,643 - model_building - INFO - Cross-Validated R2 Score: 0.8130
2025-10-16 13:15:32,643 - model_building - INFO - R2 Scores per Fold: ['0.8228', '0.8080', '0.7721', '0.8123', '0.8497']
2025-10-16 13:15:32,643 - model_building - INFO - ------------------------------------------------------------
2025-10-16 13:15:32,720 - model_building - INFO - ElasticNet:
2025-10-16 13:15:32,720 - model_building - INFO - Best Parameters: {'alpha': 0.1, 'l1_ratio': 0.8}
2025-10-16 13:15:32,720 - model_building - INFO - Cross-Validated R2 Score: 0.8119
2025-10-16 13:15:32,720 - model_building - INFO - R2 Scores per Fold: ['0.8192', '0.8107', '0.7710', '0.8149', '0.8437']
2025-10-16 13:15:32,720 - model_building - INFO - ------------------------------------------------------------
2025-10-16 13:15:32,924 - model_building - INFO - SVR:
2025-10-16 13:15:32,924 - model_building - INFO - Best Parameters: {'C': 10.0, 'gamma': 'auto', 'kernel': 'rbf'}
2025-10-16 13:15:32,924 - model_building - INFO - Cross-Validated R2 Score: 0.8506
2025-10-16 13:15:32,924 - model_building - INFO - R2 Scores per Fold: ['0.8266', '0.8703', '0.8024', '0.8863', '0.8675']
2025-10-16 13:15:32,924 - model_building - INFO - ------------------------------------------------------------
2025-10-16 13:15:38,406 - model_building - INFO - RandomForestRegressor:
2025-10-16 13:15:38,406 - model_building - INFO - Best Parameters: {'max_depth': 30, 'n_estimators': 300}
2025-10-16 13:15:38,406 - model_building - INFO - Cross-Validated R2 Score: 0.8582
2025-10-16 13:15:38,406 - model_building - INFO - R2 Scores per Fold: ['0.8199', '0.8450', '0.8455', '0.8954', '0.8853']
2025-10-16 13:15:38,406 - model_building - INFO - ------------------------------------------------------------
2025-10-16 13:15:38,517 - model_building - INFO - DecisionTreeRegressor:
2025-10-16 13:15:38,517 - model_building - INFO - Best Parameters: {'max_depth': None, 'min_samples_leaf': 1, 'min_samples_split': 5}
2025-10-16 13:15:38,517 - model_building - INFO - Cross-Validated R2 Score: 0.8034
2025-10-16 13:15:38,517 - model_building - INFO - R2 Scores per Fold: ['0.8335', '0.7715', '0.7917', '0.8699', '0.7503']
2025-10-16 13:15:38,517 - model_building - INFO - ------------------------------------------------------------
2025-10-16 13:15:38,517 - model_building - INFO - Training completed
2025-10-16 13:15:38,525 - model_building - INFO - Top 2 Models: ['RandomForestRegressor', 'SVR']
2025-10-16 13:15:38,541 - model_building - INFO - Comparison: RandomForestRegressor vs SVR
2025-10-16 13:15:38,541 - model_building - INFO - Normality p-value: 0.9933
2025-10-16 13:15:38,541 - model_building - INFO - Wilcoxon Test p-value: 0.6250 - Not Significant
2025-10-16 13:15:38,541 - model_building - INFO - Decision: Normality violated - use Wilcoxon test
2025-10-16 13:15:38,541 - model_building - INFO - Best Model Selected: RandomForestRegressor
2025-10-16 13:15:38,541 - model_building - INFO - Starting model saving process
2025-10-16 13:15:38,605 - model_building - INFO - Model saved successfully as models/best_model.pkl
2025-10-16 13:35:43,165 - model_building - INFO - LinearRegression:
2025-10-16 13:35:43,165 - model_building - INFO - Best Parameters: {}
2025-10-16 13:35:43,165 - model_building - INFO - Cross-Validated R2 Score: 0.8099
2025-10-16 13:35:43,165 - model_building - INFO - R2 Scores per Fold: ['0.8161', '0.8124', '0.7733', '0.7969', '0.8507']
2025-10-16 13:35:43,181 - model_building - INFO - ------------------------------------------------------------
2025-10-16 13:35:56,121 - model_building - INFO - Ridge:
2025-10-16 13:35:56,121 - model_building - INFO - Best Parameters: {'alpha': 1.0}
2025-10-16 13:35:56,121 - model_building - INFO - Cross-Validated R2 Score: 0.8103
2025-10-16 13:35:56,121 - model_building - INFO - R2 Scores per Fold: ['0.8166', '0.8117', '0.7726', '0.7999', '0.8505']
2025-10-16 13:35:56,121 - model_building - INFO - ------------------------------------------------------------
2025-10-16 13:36:10,596 - model_building - INFO - Lasso:
2025-10-16 13:36:10,596 - model_building - INFO - Best Parameters: {'alpha': 0.1, 'max_iter': 1000}
2025-10-16 13:36:10,596 - model_building - INFO - Cross-Validated R2 Score: 0.8130
2025-10-16 13:36:10,596 - model_building - INFO - R2 Scores per Fold: ['0.8228', '0.8080', '0.7721', '0.8123', '0.8497']
2025-10-16 13:36:10,596 - model_building - INFO - ------------------------------------------------------------
2025-10-16 13:36:27,649 - model_building - INFO - ElasticNet:
2025-10-16 13:36:27,649 - model_building - INFO - Best Parameters: {'alpha': 0.1, 'l1_ratio': 0.8}
2025-10-16 13:36:27,649 - model_building - INFO - Cross-Validated R2 Score: 0.8119
2025-10-16 13:36:27,649 - model_building - INFO - R2 Scores per Fold: ['0.8192', '0.8107', '0.7710', '0.8149', '0.8437']
2025-10-16 13:36:27,649 - model_building - INFO - ------------------------------------------------------------
2025-10-16 13:36:45,887 - model_building - INFO - SVR:
2025-10-16 13:36:45,888 - model_building - INFO - Best Parameters: {'C': 10.0, 'gamma': 'auto', 'kernel': 'rbf'}
2025-10-16 13:36:45,889 - model_building - INFO - Cross-Validated R2 Score: 0.8506
2025-10-16 13:36:45,890 - model_building - INFO - R2 Scores per Fold: ['0.8266', '0.8703', '0.8024', '0.8863', '0.8675']
2025-10-16 13:36:45,891 - model_building - INFO - ------------------------------------------------------------
2025-10-16 13:37:37,616 - model_building - INFO - RandomForestRegressor:
2025-10-16 13:37:37,617 - model_building - INFO - Best Parameters: {'max_depth': None, 'n_estimators': 100}
2025-10-16 13:37:37,618 - model_building - INFO - Cross-Validated R2 Score: 0.8574
2025-10-16 13:37:37,620 - model_building - INFO - R2 Scores per Fold: ['0.8222', '0.8374', '0.8495', '0.8979', '0.8803']
2025-10-16 13:37:37,622 - model_building - INFO - ------------------------------------------------------------
2025-10-16 13:37:50,337 - model_building - INFO - DecisionTreeRegressor:
2025-10-16 13:37:50,337 - model_building - INFO - Best Parameters: {'max_depth': 10, 'min_samples_split': 5}
2025-10-16 13:37:50,337 - model_building - INFO - Cross-Validated R2 Score: 0.8029
2025-10-16 13:37:50,337 - model_building - INFO - R2 Scores per Fold: ['0.8305', '0.7701', '0.7756', '0.8624', '0.7757']
2025-10-16 13:37:50,337 - model_building - INFO - ------------------------------------------------------------
2025-10-16 13:37:51,092 - model_building - INFO - Training completed
2025-10-16 13:37:51,113 - model_building - INFO - Top 2 Models: ['RandomForestRegressor', 'SVR']
2025-10-16 13:37:51,145 - model_building - INFO - Comparison: RandomForestRegressor vs SVR
2025-10-16 13:37:51,146 - model_building - INFO - Normality p-value: 0.8838
2025-10-16 13:37:51,146 - model_building - INFO - Wilcoxon Test p-value: 0.6250 - Not Significant
2025-10-16 13:37:51,146 - model_building - INFO - Decision: Normality violated - use Wilcoxon test
2025-10-16 13:37:51,146 - model_building - INFO - Best Model Selected: RandomForestRegressor
2025-10-16 13:37:51,177 - model_building - INFO - Model saved successfully as models/best_model.pkl
2025-10-16 13:38:06,383 - model_building - INFO - Model artifact logged in MLflow
2025-10-16 13:45:08,913 - model_building - INFO - LinearRegression:
2025-10-16 13:45:08,913 - model_building - INFO - Best Parameters: {}
2025-10-16 13:45:08,913 - model_building - INFO - Cross-Validated R2 Score: 0.8099
2025-10-16 13:45:08,913 - model_building - INFO - ------------------------------------------------------------
2025-10-16 13:45:21,469 - model_building - INFO - Ridge:
2025-10-16 13:45:21,469 - model_building - INFO - Best Parameters: {'alpha': 1.0}
2025-10-16 13:45:21,469 - model_building - INFO - Cross-Validated R2 Score: 0.8103
2025-10-16 13:45:21,469 - model_building - INFO - ------------------------------------------------------------
2025-10-16 13:45:33,487 - model_building - INFO - Lasso:
2025-10-16 13:45:33,488 - model_building - INFO - Best Parameters: {'alpha': 0.1, 'max_iter': 1000}
2025-10-16 13:45:33,489 - model_building - INFO - Cross-Validated R2 Score: 0.8130
2025-10-16 13:45:33,490 - model_building - INFO - ------------------------------------------------------------
2025-10-16 13:45:42,081 - model_building - INFO - ElasticNet:
2025-10-16 13:45:42,082 - model_building - INFO - Best Parameters: {'alpha': 0.1, 'l1_ratio': 0.8}
2025-10-16 13:45:42,083 - model_building - INFO - Cross-Validated R2 Score: 0.8119
2025-10-16 13:45:42,084 - model_building - INFO - ------------------------------------------------------------
2025-10-16 13:45:51,643 - model_building - INFO - SVR:
2025-10-16 13:45:51,644 - model_building - INFO - Best Parameters: {'C': 10.0, 'gamma': 'auto', 'kernel': 'rbf'}
2025-10-16 13:45:51,645 - model_building - INFO - Cross-Validated R2 Score: 0.8506
2025-10-16 13:45:51,646 - model_building - INFO - ------------------------------------------------------------
2025-10-16 13:46:16,270 - model_building - INFO - RandomForestRegressor:
2025-10-16 13:46:16,271 - model_building - INFO - Best Parameters: {'max_depth': 20, 'n_estimators': 100}
2025-10-16 13:46:16,271 - model_building - INFO - Cross-Validated R2 Score: 0.8588
2025-10-16 13:46:16,271 - model_building - INFO - ------------------------------------------------------------
2025-10-16 13:46:25,882 - model_building - INFO - DecisionTreeRegressor:
2025-10-16 13:46:25,883 - model_building - INFO - Best Parameters: {'max_depth': None, 'min_samples_split': 5}
2025-10-16 13:46:25,884 - model_building - INFO - Cross-Validated R2 Score: 0.8080
2025-10-16 13:46:25,885 - model_building - INFO - ------------------------------------------------------------
2025-10-16 13:46:26,600 - model_building - INFO - Training completed
2025-10-16 13:46:26,617 - model_building - INFO - Top 2 Models: ['RandomForestRegressor', 'SVR']
2025-10-16 13:46:26,674 - model_building - INFO - Comparison: RandomForestRegressor vs SVR
2025-10-16 13:46:26,675 - model_building - INFO - Normality p-value: 1.0000
2025-10-16 13:46:26,676 - model_building - INFO - Wilcoxon Test p-value: 0.0625 - Not Significant
2025-10-16 13:46:26,676 - model_building - INFO - Decision: Normality violated - use Wilcoxon test
2025-10-16 13:46:26,677 - model_building - INFO - Best Model Selected: RandomForestRegressor
2025-10-16 13:46:26,707 - model_building - INFO - Model saved successfully as models/best_model.pkl
2025-10-16 13:46:39,677 - model_building - INFO - Model artifact logged in MLflow
2025-10-16 13:47:14,090 - model_building - INFO - LinearRegression:
2025-10-16 13:47:14,090 - model_building - INFO - Best Parameters: {}
2025-10-16 13:47:14,099 - model_building - INFO - Cross-Validated R2 Score: 0.8099
2025-10-16 13:47:14,099 - model_building - INFO - ------------------------------------------------------------
2025-10-16 13:47:16,146 - model_building - INFO - Ridge:
2025-10-16 13:47:16,148 - model_building - INFO - Best Parameters: {'alpha': 1.0}
2025-10-16 13:47:16,151 - model_building - INFO - Cross-Validated R2 Score: 0.8103
2025-10-16 13:47:16,152 - model_building - INFO - ------------------------------------------------------------
2025-10-16 13:47:16,307 - model_building - INFO - Lasso:
2025-10-16 13:47:16,308 - model_building - INFO - Best Parameters: {'alpha': 0.1, 'max_iter': 1000}
2025-10-16 13:47:16,308 - model_building - INFO - Cross-Validated R2 Score: 0.8130
2025-10-16 13:47:16,309 - model_building - INFO - ------------------------------------------------------------
2025-10-16 13:47:16,410 - model_building - INFO - ElasticNet:
2025-10-16 13:47:16,411 - model_building - INFO - Best Parameters: {'alpha': 0.1, 'l1_ratio': 0.8}
2025-10-16 13:47:16,411 - model_building - INFO - Cross-Validated R2 Score: 0.8119
2025-10-16 13:47:16,412 - model_building - INFO - ------------------------------------------------------------
2025-10-16 13:47:16,630 - model_building - INFO - SVR:
2025-10-16 13:47:16,631 - model_building - INFO - Best Parameters: {'C': 10.0, 'gamma': 'auto', 'kernel': 'rbf'}
2025-10-16 13:47:16,631 - model_building - INFO - Cross-Validated R2 Score: 0.8506
2025-10-16 13:47:16,632 - model_building - INFO - ------------------------------------------------------------
2025-10-16 13:47:20,294 - model_building - INFO - RandomForestRegressor:
2025-10-16 13:47:20,294 - model_building - INFO - Best Parameters: {'max_depth': 10, 'n_estimators': 100}
2025-10-16 13:47:20,294 - model_building - INFO - Cross-Validated R2 Score: 0.8594
2025-10-16 13:47:20,294 - model_building - INFO - ------------------------------------------------------------
2025-10-16 13:47:20,399 - model_building - INFO - DecisionTreeRegressor:
2025-10-16 13:47:20,399 - model_building - INFO - Best Parameters: {'max_depth': 10, 'min_samples_split': 5}
2025-10-16 13:47:20,399 - model_building - INFO - Cross-Validated R2 Score: 0.7983
2025-10-16 13:47:20,409 - model_building - INFO - ------------------------------------------------------------
2025-10-16 13:47:21,150 - model_building - INFO - Training completed
2025-10-16 13:47:21,153 - model_building - INFO - Top 2 Models: ['RandomForestRegressor', 'SVR']
2025-10-16 13:47:21,198 - model_building - INFO - Comparison: RandomForestRegressor vs SVR
2025-10-16 13:47:21,200 - model_building - INFO - Normality p-value: 1.0000
2025-10-16 13:47:21,200 - model_building - INFO - Wilcoxon Test p-value: 0.0625 - Not Significant
2025-10-16 13:47:21,201 - model_building - INFO - Decision: Normality violated - use Wilcoxon test
2025-10-16 13:47:21,202 - model_building - INFO - Best Model Selected: RandomForestRegressor
2025-10-16 13:47:21,248 - model_building - INFO - Model saved successfully as models/best_model.pkl
2025-10-16 13:47:55,807 - model_building - INFO - Model artifact logged in MLflow
